2019.12.13, 03:47:23.0060 UTC -> ERROR: Error: ENOENT: no such file or directory, rename 'AAAABQ8nH7gRXQ7k1xBMzENqGnky6KRfeNQjvpk9yU5w96fS6NZB-IF7O7kqkvNejVlByOts4VnzwJz0TfkgSS4x6g28qVAgZwW__V75ZDaEX-Z4s5puUQi_z264J0E.jpg' -> 'thumbnail-vertical/0.jpg'
2019.12.13, 03:47:23.0060 UTC -> ERROR: Error: ENOENT: no such file or directory, rename 'AAAABQj-xxFRfH608So_69RAe8zXXqZ-iV9dgC8RXWvNwu35dFXaPvzQm1_f54oyBiImuvWJJLVDczYZB5hW5v3QEbd3JMiAGgnmxdHfSKmagvZ_EHep9JWu9M4oTt8.jpg' -> 'thumbnail-vertical/2.jpg'
2019.12.13, 03:47:23.0060 UTC -> ERROR: Error: ENOENT: no such file or directory, rename 'AAAABQc72ZGKxxUC__OodRDPUIbVKhsdP4cz-8FVqI11FH-zvU2OR5UR0C6KRQU8_ZCcj7K30IkqQrLDMkhUn985TTAbgQ.jpg' -> 'thumbnail-vertical/1.jpg'
2019.12.13, 03:47:23.0060 UTC -> ERROR: Error: ENOENT: no such file or directory, rename 'AAAABQopof69IE4srtV5xufZ6A1sYGRanCPb0dB74my3GEfpZZ8pLB0o4nVmM5wjTWaHfKdWYrRKeZqwuqrQKp7URN0Qgw.jpg' -> 'thumbnail-vertical/3.jpg'
2019.12.13, 03:47:23.0060 UTC -> ERROR: Error: ENOENT: no such file or directory, rename 'AAAABQs0SivXpmBso0u5PXVvPYLiBfBoFlowEshzPrmiXF-BeBpdaTw7z1LmIuLEAgKm6x5fNuVBcAE1sfNzwboIMjViL5b_l8F7jEEh-Vfld58rp4KouH2fvS6AXdI.jpg' -> 'thumbnail-vertical/5.jpg'
2019.12.13, 03:47:23.0060 UTC -> ERROR: Error: ENOENT: no such file or directory, rename 'AAAABQpKqQ6NGkhVG_cMWGSD11Hl6J9xJ2iUMUVg2_3VM-4E7YAitWIdRmzS9Oe-FF_tWFBz-VjO68lWLmcMPbA0nV_zLgDBOG0KYLdFd55nCnm57tqQ7w0P8IrHJx8.jpg' -> 'thumbnail-vertical/4.jpg'
2019.12.13, 03:47:23.0060 UTC -> ERROR: Error: ENOENT: no such file or directory, rename 'AAAABR2AOl2X7lRSUfjFW5w4SoDAwvA4mfUEsDWgDkLzhiWzVIRxKy2jHuEaC9lhsm3IQJS1MJhlALN9YHm0lGJNQ-JL67njvJHxceXFvLp9RF1QijVZxMVJB0UE65s.jpg' -> 'thumbnail-vertical/6.jpg'
2019.12.13, 03:47:23.0060 UTC -> ERROR: Error: ENOENT: no such file or directory, rename 'AAAABR4hHOzRuj9wfyTQ0taeOeHxiaZrK3rnDJEFzhL43jiLwWzT-6ZjmjIvGDL9BT7s0eAengL3WUaTcQtRUCliB-sjKg.jpg' -> 'thumbnail-vertical/7.jpg'
2019.12.13, 03:47:23.0060 UTC -> ERROR: Error: ENOENT: no such file or directory, rename 'AAAABR9loxu6oNNU-feP2fe6es2gVj9Dl0PhJy4hSoC2fbUWLBveYhKiT93LBlAtOYGKbx6B-_N6c2BZTDCWkmC5bCZJq4awkfl2MKWsDV9aDeWP3nm8mG8NJKIo5OM.jpg' -> 'thumbnail-vertical/9.jpg'
2019.12.13, 03:47:23.0060 UTC -> ERROR: Error: ENOENT: no such file or directory, rename 'AAAABR6B60J4cLXaHFTQmuF0OgaBS7PmjYsw0lv8DJv1Z0FjSLqhCNgwL_J2Fhyp4o1YxOkKYllkPi72F5RmR-5qijUsWg.jpg' -> 'thumbnail-vertical/8.jpg'
2019.12.13, 03:47:23.0060 UTC -> ERROR: Error: ENOENT: no such file or directory, rename 'AAAABRKNC4TuwQgg24qb2MBWGsahMD0fAOncA0Qul56mHel-L30tUAo6PlanOaLFohXJGTotnmWT7c3oNYIbAXJDWftlvmPPW2SvNyrF-EIZ60My-tyj7g_E9Ad68KM.jpg' -> 'thumbnail-vertical/10.jpg'
2019.12.13, 03:47:23.0060 UTC -> ERROR: Error: ENOENT: no such file or directory, rename 'AAAABRLxc3-DD-mJxTVZ07AJAs83KNtsS5yuninT4kEl8bKOgKcOsIG7VPjj8OOus_iv_KVGzzHoz9TMOKUj2x9VbS5U9NqPyZdVJeOF6MGDMtYN669vCXPYOAoKrBQ.jpg' -> 'thumbnail-vertical/11.jpg'
2019.12.13, 03:47:23.0060 UTC -> ERROR: Error: ENOENT: no such file or directory, rename 'AAAABRSw8WRUYbSOq2EK73Aw6409AfOSQMwpYcVyqaJji_bx72n2fGiriOdqoFmYF5_on7HenijWyfZ7OS4FzAPyWByF6ijhAgeyB9ltPR_-CDt4z5k3lV_m_Y6FibA.jpg' -> 'thumbnail-vertical/13.jpg'
2019.12.13, 03:47:23.0060 UTC -> ERROR: Error: ENOENT: no such file or directory, rename 'AAAABRRE_8KVsssUwAsthPKt6zcXOFT4IUOmi4C6nHGHJcFQW6Z9GKM6qgYrDJAoQGT5f1idOSn84HuNucuHTf30GXmSRzqrYHcT7jqV7d-m3efQTAWMcA1Sma8rYFg.jpg' -> 'thumbnail-vertical/12.jpg'
2019.12.13, 03:47:23.0060 UTC -> ERROR: Error: ENOENT: no such file or directory, rename 'AAAABRaQewtFFzUjzNMCNEbC5f0y5wgbzOm-fKOVOpjveY8X1wNXt1bYlp8XhOYq2O0hE_tTzdJr1YDMsp03yAS5eKwLuQ.jpg' -> 'thumbnail-vertical/15.jpg'
2019.12.13, 03:47:23.0060 UTC -> ERROR: Error: ENOENT: no such file or directory, rename 'AAAABRpT0HOEUxPdcvJyhFPivI4Pjjj7l007WlJE-Q-Pv-SEVEuN5t2Bfnz_dUgUwFi6KHeDd1_gf0z6fTxl_co9K6hjOw.jpg' -> 'thumbnail-vertical/16.jpg'
2019.12.13, 03:47:23.0060 UTC -> ERROR: Error: ENOENT: no such file or directory, rename 'AAAABRT1kqFF-yTKFe8-9OFcxD4_LfAWM5DfGuKMs1rRmaqRt6mnr-ps2DQzwJu6dAjy6L3Vutre9-sjHhbuckAqiE4ZSO-r8Dd1bZxR3c_Q_Wg0TNSPJ5usuXmVLSc.jpg' -> 'thumbnail-vertical/14.jpg'
2019.12.13, 03:47:23.0060 UTC -> ERROR: Error: ENOENT: no such file or directory, rename 'AAAABSPydIISAkabZ_uisDKr9-FJJKSymdTpFMNuds8bIKVIceBRxeLfpeGF0GuB0pmf-L1TfusTSBdmX2YwDGS40mk_5Q.jpg' -> 'thumbnail-vertical/17.jpg'
2019.12.13, 03:47:23.0060 UTC -> ERROR: Error: ENOENT: no such file or directory, rename 'AAAABSRUPKStMmnr7WfhTIGBxyZshUR5fyVQmRuXve9aRgEgpe0AGJ9HXRRFmo5JFedKGM7DMDNSkN3F2STAa7D3nkwC1Q.jpg' -> 'thumbnail-vertical/18.jpg'
2019.12.13, 03:47:23.0061 UTC -> ERROR: Error: ENOENT: no such file or directory, rename 'AAAABSd5hT7MUPDVQvGNxFBbn2fruL9UIxabj6qb3nfHdV6opD8IgpDZKS71PKNjOZ-EjOl1E8wkP8F_JLXU15QF5AlSXw.jpg' -> 'thumbnail-vertical/20.jpg'
2019.12.13, 03:47:23.0061 UTC -> ERROR: Error: ENOENT: no such file or directory, rename 'AAAABSjv24xh2_UM8jFk73aoFcc3vQMalWTTlILjvVr3mqskHGpVqe0qwb9982shTkXSu8DJlSgp4jS0nemsosvJ4rvyOw.jpg' -> 'thumbnail-vertical/21.jpg'
2019.12.13, 03:47:23.0061 UTC -> ERROR: Error: ENOENT: no such file or directory, rename 'AAAABT8VQm4dhtdY0L6Fm9XMffCYVu8bHrEtlYygS98G0s01q80zXLPxk9N-TutekW5agm7sKeQsv4r0W7Lt-f32FyWR7M4BrqeZwQjAiC1WSJ6ze_jRVw10jMBl03s.jpg' -> 'thumbnail-vertical/22.jpg'
2019.12.13, 03:47:23.0061 UTC -> ERROR: Error: ENOENT: no such file or directory, rename 'AAAABSadvOHVuQ7GOUMjE4cS3UyC1OZEFyRFwcXV-1jZYyEMYA1qoOaLcBNOLXvrU7QIUtfgT34FE4RLohoGDwLMYVPg3skGeNxrll_ZxooUxD9VGXOBagUCMrNTafY.jpg' -> 'thumbnail-vertical/19.jpg'
2019.12.13, 03:47:23.0061 UTC -> ERROR: Error: ENOENT: no such file or directory, rename 'AAAABTBUOWpV3iF1O9B6p15VfhugR5ks4V4kcTRwXzqjKZj6ufKnli0Tf9Zw9kBMSJ_m5Hl0tpmmBEP0MhtB_9OT4b1bMIg-VvcHtgpzgxS4ubVZN-LV-_UZMnfR9Jg.jpg' -> 'thumbnail-vertical/23.jpg'
2019.12.13, 03:47:23.0061 UTC -> ERROR: Error: ENOENT: no such file or directory, rename 'AAAABTKuA1Saii99PxxWqh4mGt0vXBQ_wmQ2s3lxYVBTT4ZGqKfRZlmzmV6Oz42oR96awtknvrm9rgBZeL9gwaXdEO4F87GMU9RKvwfitIyX986NMW3j1hDdMpo5qxI.jpg' -> 'thumbnail-vertical/24.jpg'
2019.12.13, 03:47:23.0061 UTC -> ERROR: Error: ENOENT: no such file or directory, rename 'AAAABThnflis2YFivNRxMbiFngRLS2OIi850X1CQQvUzyieSm95WLXLwAKT2pPIoO1GEtntiGhnSZywrQWbY0p_fCkAiBDa2OpGfoMYW6CWsi6ogZCO_i_WdEmA2JVSLeexVR-UGlOHJtc7Br_XIxEXovLDNv_UcfWb-wQe9PXs.jpg' -> 'thumbnail-vertical/26.jpg'
2019.12.13, 03:47:23.0061 UTC -> ERROR: Error: ENOENT: no such file or directory, rename 'AAAABTe3QAcT0MQFsbc-duFT5ZaBXVAhhMIc6jyhMV34VFBz1lejgr5igkA4VN2duxTEUCRnxQizj_RWdBUIX6PLriyQHWpZxDMAd---_qi-uSFq4xNC051Ex9QD5yQ.jpg' -> 'thumbnail-vertical/25.jpg'
2019.12.13, 03:47:23.0061 UTC -> ERROR: Error: ENOENT: no such file or directory, rename 'AAAABU-DzmXQDY8QNY44lwOb8uBLWt0YJ1m1iDCPMhSwepmcvSUUAD9pysTfEgyRN7JxlwbHvUe-OndW8uikBlh3tr-OcONtpHb0lNkeQbEKeteIgVqWL0mXxkZSBW0.jpg' -> 'thumbnail-vertical/28.jpg'
2019.12.13, 03:47:23.0061 UTC -> ERROR: Error: ENOENT: no such file or directory, rename 'AAAABTnLw83nilF-SOy62-qZ2lSdKap-HVQh-WmHuJxLNeNaIqQn23JZK4YrT7Y2Ox-lVvb4EdezjEoJQ91PTQsdiWBIfTVCY1kHu43yvGRz1_Ee98TywEeHV3C71P0.jpg' -> 'thumbnail-vertical/27.jpg'
2019.12.13, 03:47:23.0061 UTC -> ERROR: Error: ENOENT: no such file or directory, rename 'AAAABUVOyeu6fBvBJUui27pAWZrAfgBnDaQZ_LHQ5ygF7G8rcXHQQxQvRto5eKvoAKfJzsxN1F9Ut-seoRUxZZtC2kbROg.jpg' -> 'thumbnail-vertical/29.jpg'
2019.12.13, 03:47:23.0061 UTC -> ERROR: Error: ENOENT: no such file or directory, rename 'AAAABUcqZLV7p6KbNulr-rsAjMW_jts0PjPi0Sxi160silZDaKY3kg51fBzJYLMic2FHLZxs6gkhbPYAmyKWn5K-gweMDG5IO3rBuqSMgLB2WzjHRjkWJH1LmcjQzbU.jpg' -> 'thumbnail-vertical/30.jpg'
2019.12.13, 03:47:23.0061 UTC -> ERROR: Error: ENOENT: no such file or directory, rename 'AAAABUdYGLPVnBukYqzs6KVUHZ7WUnqopksf5b1zhjBB4r4Lh8jII9z4ai7IdB50HAriIdPmRS8nLDuhMDGN_POv8Q_itA.jpg' -> 'thumbnail-vertical/31.jpg'
2019.12.13, 03:47:23.0061 UTC -> ERROR: Error: ENOENT: no such file or directory, rename 'AAAABUkwyJfp5P5W8G5y0RS8x1OyJmKkgyHjL58bPYvmiDeJV1Vi1UMOADDBwB5bq6O0YxoZACGDuY2y-baoQlnjq3NXnJGHAgaC3M0BZEQpDg3ebtVol1JqE8npKRc.jpg' -> 'thumbnail-vertical/33.jpg'
2019.12.13, 03:47:23.0061 UTC -> ERROR: Error: ENOENT: no such file or directory, rename 'AAAABVCWdVwiR1yUh2IhmQFW7KLI9LWo-slOyTQzrkvNa3m5GOjDZk5Ej3FeEQunpicLz8Lqt5C5lrQF-mc3wdGoUYjNRw.jpg' -> 'thumbnail-vertical/35.jpg'
2019.12.13, 03:47:23.0061 UTC -> ERROR: Error: ENOENT: no such file or directory, rename 'AAAABV58bYHfEya0V3k7MzcGK0B1Ash4Sm_KQawOYlP7gNpJnjIvcUw4hSTpO86fzUfCgBLGqaXYSZYEiFKzAlddjV0bJw.jpg' -> 'thumbnail-vertical/34.jpg'
2019.12.13, 03:47:23.0061 UTC -> ERROR: Error: ENOENT: no such file or directory, rename 'AAAABVQwWHXq0eBqSurF8hZLPRfRvqXA3hTkio67Xu1IG63El3fwSBwIkjhUvQVA71efzqUPspnEwKQupy1FB1sjq-l3iQ.jpg' -> 'thumbnail-vertical/36.jpg'
2019.12.13, 03:47:23.0061 UTC -> ERROR: Error: ENOENT: no such file or directory, rename 'AAAABUjdo9nIeTxv0fgip5nnk3gRpnX6IK7yaEv-7i3ftKIrZflHDzMkDOWFizfG--aW-wOUxMFtE6RUc6cimLFGPdqnfM2LQEZ1zVdfSuBdj2duknrXtlI-ZZfQzZ4.jpg' -> 'thumbnail-vertical/32.jpg'
2019.12.13, 03:47:23.0061 UTC -> ERROR: Error: ENOENT: no such file or directory, rename 'AAAABVtHNTwljSAro7qZc_S2wyLYQ6QNOQVIwpfID9OfO0c-SyEntwzO9IiQSEpYjnw9GWOV8CQZluG52RXN5HKHe_0x5XQ-z7bLa4sixYf6tIiLMsERrop4DIrvTdE.jpg' -> 'thumbnail-vertical/37.jpg'
2019.12.13, 03:47:23.0061 UTC -> ERROR: Error: ENOENT: no such file or directory, rename 'AAAABW6h9REz7qCmRo6bbtB7BAYuNmH-9B_YQfG71OJX1rr4UWevpIwJc1PCCPji3TzIP_GDsKRt_5TDaz_DvxBMizh_iQ.jpg' -> 'thumbnail-vertical/39.jpg'
2019.12.13, 03:47:23.0061 UTC -> ERROR: Error: ENOENT: no such file or directory, rename 'AAAABW6Azf55rGL6aPLILp0WwbaRwT0QL0KfLcFH4V9TwXS4xYXSqfNuwOIf7GXzx91ae5vBu8xOhPPRZ8Nh6tqMFESpeg.jpg' -> 'thumbnail-vertical/38.jpg'
2019.12.13, 03:47:23.0061 UTC -> ERROR: Error: ENOENT: no such file or directory, rename 'AAAABWN7_VKxJx_yUq4NUTJYNNyj91QRrOvl0IEgLiwtRwjQ6vg3P4YgHq3gA88gDtcgZjUaWZvUSsflAkhbWT3uMGUDYA.jpg' -> 'thumbnail-vertical/40.jpg'
2019.12.13, 03:47:23.0061 UTC -> ERROR: Error: ENOENT: no such file or directory, rename 'AAAABXW-3aYrTvtav32YzB1GebcE-cTaqJNMllzXD_mc72b6lcd_N-GF9TTue0xk5hOl1KNkfjxJKXHkqJjPLroWSphXGQ5hLOIANLRUEItU33Omalspen6bb7fxv9JicSyLgsZlAb8IHebwneI_Lzi8iP-FXIwj-FVN54hPSnM.jpg' -> 'thumbnail-vertical/42.jpg'
2019.12.13, 03:47:23.0061 UTC -> ERROR: Error: ENOENT: no such file or directory, rename 'AAAABXHouQjbIrpbzRbkn5Ie8VFZPB5ikSOdcXgbjrjqz6bjMIBCdQ-73wpoLYN_Aad7ourXh9X36TzuTdcydo9xyI3CLAUk63hpLJR-zxA1DBGMN-H3A64ZT2AWnZw.jpg' -> 'thumbnail-vertical/41.jpg'
2019.12.13, 03:47:23.0061 UTC -> ERROR: Error: ENOENT: no such file or directory, rename 'AAAABY1U2gaREpct6KlPEcqQW84Wz3lacDf8q_wdi8VTsoMcmnnlvYGzxlW3e8LPL1iXLXlVqqjgQxz92IRksXE6oLldJg.jpg' -> 'thumbnail-vertical/44.jpg'
2019.12.13, 03:47:23.0061 UTC -> ERROR: Error: ENOENT: no such file or directory, rename 'AAAABY1HaMW_DNIz4Emc5JEGBnl9l0uIGQECoJMiBfAZwl7cVQK_V3_e6s97BsH6vHCtC74yMwGCvyfiZpsRUnzDr9ByVQ.jpg' -> 'thumbnail-vertical/43.jpg'
2019.12.13, 03:47:23.0061 UTC -> ERROR: Error: ENOENT: no such file or directory, rename 'AAAABYRJ4Etc-V1fVpYcgJbid7PL5k_9QCvMgHUqVspa3eSUwQ6mLx-h4XzsVJfvfxXdlQkR2TahZ_xUt13t0ekCYUWA1O5747WYsg98NpuLl97r8tNpXOSmYx4FOdo.jpg' -> 'thumbnail-vertical/45.jpg'
2019.12.13, 03:47:23.0061 UTC -> ERROR: Error: ENOENT: no such file or directory, rename 'AAAABY_-naJwZH1XczYleDr-HSVOU_YxKMcXfRMDPp60ydGwh9bKbdjD1tHpdaYc6F2dSdfixKMlO2LH8eKfL_U7YUjtNG4AtsErHr60S8dd6qyKpIqSPAhHPLgp3ng.jpg' -> 'thumbnail-vertical/46.jpg'
2019.12.13, 03:47:23.0061 UTC -> ERROR: Error: ENOENT: no such file or directory, rename 'AAAABYlkHeCpYMyW9xG6LLMODjx9GkVP-X9Q9nKSNRFEznkTWBRXo21JgjNRLDc59ydMc2y3azf-ck1A1T6mRKU6qFgr5755xrnmh4Bo0BJUbDKo5EkHWbyCY2oGc7A.jpg' -> 'thumbnail-vertical/47.jpg'
2019.12.13, 03:47:23.0061 UTC -> ERROR: Error: ENOENT: no such file or directory, rename 'AAAABZ6u-8PLAk3sHKnL28nlpdmp61L2c2GSmBWVZPOAofvim06witzUAL3eaXrV5uadSaThaYGr6yfprG-kjD9p8NXKc1l6Y6Ei4Jif7HybCilp5wPVS3Qc_sLD7j8.jpg' -> 'thumbnail-vertical/49.jpg'
2019.12.13, 03:47:23.0061 UTC -> ERROR: Error: ENOENT: no such file or directory, rename 'AAAABYxr7fprIXWyYKGBRCbgw-6V41oVNqOwfFOUHQr3th0obIMrKIPSK1m2g8GOHj2U4efwmfMTwBVRHqcde6jF8jS-rA.jpg' -> 'thumbnail-vertical/48.jpg'
2019.12.13, 03:47:23.0061 UTC -> ERROR: Error: ENOENT: no such file or directory, rename 'AAAABZ96D_POVrwCG0hEtE0caCtABhim7q0GNLLPM5_hyxlS1ACBDIgZVxDKt2uD8ShtELJSEBbgfRls40ZfE_uTqB02Ug.jpg' -> 'thumbnail-vertical/50.jpg'
2019.12.13, 03:47:23.0061 UTC -> ERROR: Error: ENOENT: no such file or directory, rename 'AAAABZKWB63euQ19wvfkh50rxslJSg3M7Uaz4BK42mfk8R3fxecog61-1ty4Pl25tMRTguRbE5xbwDwitL9MHlj8-WgjRpIATOmAMetzRyqO7Bfj-BsSdzSInErHz8c2YAVu74KZf0knwMg0hlP-38wJ2RPp3nEN.jpg' -> 'thumbnail-vertical/52.jpg'
2019.12.13, 03:47:23.0061 UTC -> ERROR: Error: ENOENT: no such file or directory, rename 'AAAABZGZKdKG90zwndfcw6gB0PixYfuYw9BEMCAiV55D2z_Vq4OCRYrE12z2uXVFAniBYzzsxDVF2V3_Srm143PN1vnbOA.jpg' -> 'thumbnail-vertical/51.jpg'
2019.12.13, 03:47:23.0062 UTC -> ERROR: Error: ENOENT: no such file or directory, rename 'AAAABZQEr5efesus-7Fex8E1xU7jE8XczSio-m8kGANIXYACrIgYPV3Jmo69o1T0XE_FvOq-I_vDrr-090Q0cY8fTVjio9csVjh2K6hV9Qu9bxaw2AtQ90eU7UscsNI.jpg' -> 'thumbnail-vertical/53.jpg'
2019.12.13, 03:47:23.0062 UTC -> ERROR: Error: ENOENT: no such file or directory, rename 'AAAABas46WwMUuiMJxucN98AygP_oiMCoOgonfQOegNL0oFeBBbtBtob1sEtflCHDQKcdpYL9ko-nLs5ge4U1IqqR-7z_Q.jpg' -> 'thumbnail-vertical/55.jpg'
2019.12.13, 03:47:23.0062 UTC -> ERROR: Error: ENOENT: no such file or directory, rename 'AAAABZebxAYlN1YeGgqeIaPExQ_WT7tqjKnRvw3CzA6czGSy9vEPphROoOgkCkL7YA-xC7LVHv2HtfYdWsm17RW08xiZsgksNlGUNs8Cq9Qh-JJCJunZtRfvgLjHdFQ.jpg' -> 'thumbnail-vertical/54.jpg'
2019.12.13, 03:47:23.0062 UTC -> ERROR: Error: ENOENT: no such file or directory, rename 'AAAABbAKnrhhr-MnXMttmvzKN_z1zQh3OYlRpBdx7eBIp4z7Xo0jE8NDhE1JlmsIBjresfbYZRRs_pAAjb6SdabQ8NWv4R2FkiYc5HeVMdSd_qMoWumDzyq26fzSgMI.jpg' -> 'thumbnail-vertical/56.jpg'
2019.12.13, 03:47:23.0062 UTC -> ERROR: Error: ENOENT: no such file or directory, rename 'AAAABbIsEQqJ9mLhT9dX5oW22MwPcmF0VqAX-W-IKEbFPUqA1oxPde_aGwR7fGTA8gyeCYf1xev6duJpoxdJoEWag0_FZbS8iP25BCIc7emLYYZtQQ7PLgFpDzF6_dk.jpg' -> 'thumbnail-vertical/57.jpg'
2019.12.13, 03:47:23.0062 UTC -> ERROR: Error: ENOENT: no such file or directory, rename 'AAAABbQKpKQ78gpSvwCXN7stdx2Av8CRk8MHnKFO4pguBqBzR-ZgvlfKEnEz0lq4bXtnzJMPYWSbgSlr_-sfcn6D1AHEigvU9VIxPf3G8oGabRyi4o9OuqqWH61jJD9ptlHaJ83uRtOb0HdV3N_T-9tmvVXrHxVe.jpg' -> 'thumbnail-vertical/58.jpg'
2019.12.13, 03:47:23.0062 UTC -> ERROR: Error: ENOENT: no such file or directory, rename 'AAAABb_2V_osu1bc0BhYu-vGNTD11bF7rZDS-6lLVCW6uLkz943VBdsja5WX2vFC1_V3v8TzpHPXR0t3DLwMESKekFJKkxLwHMqoXZrqg7Tq9r5UtQKAv9x70qoeEwOT_XJOvlKE2eju69MBVR6Pq51weczEtgc6.jpg' -> 'thumbnail-vertical/59.jpg'
2019.12.13, 03:47:23.0062 UTC -> ERROR: Error: ENOENT: no such file or directory, rename 'AAAABc5WTkJwEy2nBfDccMgIu0CK3WmwCA51nTlClf8UduC9VBLDt2mv4jxvtv3OsY9YsqD3L9CGRdr-PcVplGKCvZqEBAxQqD3npZss-uluB6nCwggBBnGwcVFMZ5o.jpg' -> 'thumbnail-vertical/60.jpg'
2019.12.13, 03:47:23.0062 UTC -> ERROR: Error: ENOENT: no such file or directory, rename 'AAAABcgooxk_GpiI69CCh2yXzpFQqar91bwz7M6ZaX8QgQBK_vSiTVfmll2mkhLRBvEJo58tR1867mXUmUasqxVIxQNX9w.jpg' -> 'thumbnail-vertical/62.jpg'
2019.12.13, 03:47:23.0062 UTC -> ERROR: Error: ENOENT: no such file or directory, rename 'AAAABcKXLwH7XCBPQnxlolo6NiFMrY5Bnc4Yd4ZSStviBwF2wvWJR9x2AR6scYAo52F9LbS3ILf4_Bi1OxkaBVLANiCZkQ.jpg' -> 'thumbnail-vertical/61.jpg'
2019.12.13, 03:47:23.0062 UTC -> ERROR: Error: ENOENT: no such file or directory, rename 'AAAABclIvAngvC8Q3NZBFEu4-QQps5mOa0S-Oduf6W4OwrnnEP6c-jB9ZvHQDtG6mv4uti4p7GMjtI4-eog8Z_u8cPFvDw.jpg' -> 'thumbnail-vertical/63.jpg'
2019.12.13, 03:47:23.0062 UTC -> ERROR: Error: ENOENT: no such file or directory, rename 'AAAABcswF7RcvRdYPiYpD54KxhqdsdxowENjrTlaBghZorfyqfZoofNeIKgwOjzFwQStzG3-k4uhuWQOaG0b_HyhSPJ5hrnY9JGD61Gtwq52p0JJeUbWyYsfwlNW0J0.jpg' -> 'thumbnail-vertical/64.jpg'
2019.12.13, 03:47:23.0062 UTC -> ERROR: Error: ENOENT: no such file or directory, rename 'AAAABd2L04f7BgOKFUytWb6do7LN4iMoVHhl5vzL48X6Tzr6TTnApor7wpFVFZZE36XbkNDnV3QFPVrqSEc5dI-Tl6OI5Q.jpg' -> 'thumbnail-vertical/65.jpg'
2019.12.13, 03:47:23.0062 UTC -> ERROR: Error: ENOENT: no such file or directory, rename 'AAAABd5Le1p2od5x4tNLMazYK7Fpsudrh1oiPZkL5gB9He0CvrNCgsFIL0WkCjlR2WjRQ_ZArSIpOX8Z7-IxpRw6q5A6MqfSU2O-kZ-A6dHhn3qFQHQ1LzBT4xG1ak8.jpg' -> 'thumbnail-vertical/66.jpg'
2019.12.13, 03:47:23.0062 UTC -> ERROR: Error: ENOENT: no such file or directory, rename 'AAAABdfVjaK82aZhztiDqjk3F9XUjGrdgLpfvXY_QXaQr83uMCbz4FueH6G59o8q-SXQQKkcDBLA-RquRGIZ23MnobjeNsNz9Mn3mzoT-qmD6SCzdMSJGUpbcf_979I.jpg' -> 'thumbnail-vertical/67.jpg'
2019.12.13, 03:47:23.0062 UTC -> ERROR: Error: ENOENT: no such file or directory, rename 'AAAABe_IMVziPdYpDjXAGx4ki6wpBTOjnihGT2VbEmzGT8PzHUy7EGJdwh3czMXMSM0ayhmx9hVVn9LyMuxJxpTQJEZ8r5cPe_uktf7X13ZEtkwWkDQ6RLUQv7418iU.jpg' -> 'thumbnail-vertical/68.jpg'
2019.12.13, 03:47:23.0062 UTC -> ERROR: Error: ENOENT: no such file or directory, rename 'AAAABej-1_2c2BJRatUfbLz85N4RVbmDOqV-IkXCUGAwf6rRxIMOWzocuSj9x4IDzoBdoCxETWTqTQYCMVG8uMA-_A7lGQ.jpg' -> 'thumbnail-vertical/69.jpg'
2019.12.13, 03:47:23.0062 UTC -> ERROR: Error: ENOENT: no such file or directory, rename 'AAAABeqP3cy9QQXNo2sUdaK5qZg9N_9Pa3xY8avv9cgsP8TrV2W9guhNEkvWhIpa-sfqsRaGKrEIHpypdrabqPZcUk_CsQ.jpg' -> 'thumbnail-vertical/70.jpg'
2019.12.13, 03:47:23.0062 UTC -> ERROR: Error: ENOENT: no such file or directory, rename 'AAAABfHgwiT2rCvA11D8E6L-J4vtyfaubFuFpePM15dVghKNeINp3UGFdbpbYFAB-tDy-U32UQsDXptma0qnreKROkY7Id6TqLOE84KsRNEKwfx98hwY29oPMYzWGgI.jpg' -> 'thumbnail-vertical/72.jpg'
2019.12.13, 03:47:23.0062 UTC -> ERROR: Error: ENOENT: no such file or directory, rename 'AAAABfA3JeJu3WFVpduP_0EaMI_K_pN6GK3ky1_eimcqe-yzHJfzvZ1_tbGtsCYDk4Tz9WYK9EVnGJrDSi0vgR1SFs4uZP-eBcwBxhgpmTiAIfwswutjy2HBVDR7CwS-v_Ti.jpg' -> 'thumbnail-vertical/71.jpg'
2019.12.13, 03:47:23.0062 UTC -> ERROR: Error: ENOENT: no such file or directory, rename 'AAAABfLi19SDyQeXWzSURNfoYqXxwfQNxuMLe6eXs1krcSv_x1EIUYP_xupFEX6RA6ZH68F90w05Jbzfozv63p0upg3dRy_fEg9Byk56OiPECf1pZGxJ81lRDN9rT24.jpg' -> 'thumbnail-vertical/73.jpg'
2019.12.13, 03:47:23.0062 UTC -> ERROR: Error: ENOENT: no such file or directory, rename 'AAAABfYB4Af-idy68xzf9bkZR2Uaq1KtZIkIN92Uv8e0mRI6vMkHAkY1_hM34Q82lvsxO95cB6Gf503MWAOF0H5yPBasP7PTlqpoSuWVf02jNpntz9sqLQoDY8vclBk.jpg' -> 'thumbnail-vertical/75.jpg'
2019.12.13, 03:47:23.0062 UTC -> ERROR: Error: ENOENT: no such file or directory, rename 'AAAABfQ_v1ZE0wfINKfcMQCWoRMa9xw5_8KUq9zo519FiB4hFfyAXmIsk_f8EyXkPkAmZpLMqPZ6N-Ah0x5S_rKdspy0_VAex7adpejfiwEYtbwgnRNST82xZywmR0t-Wx3Zqbm4xIvoZVzhvYi1J_AZbaybyYXCy84pIYNOl3k.jpg' -> 'thumbnail-vertical/74.jpg'
2019.12.13, 03:47:23.0062 UTC -> ERROR: Error: ENOENT: no such file or directory, rename 'AAAABfs3f4QZ6ML_f8IKkA5E7w5QcdYoUEA65cxiCDe9xjMct3SHVIYp_TJAGCRzQjQc2zULXVkpg0Dw3AXydzSYE9VEZmRWyvQ04xbiGxkMrg7LNUDEeTj-NKriSYs.jpg' -> 'thumbnail-vertical/76.jpg'
2019.12.13, 03:47:23.0062 UTC -> ERROR: Error: ENOENT: no such file or directory, rename 'AAAABfugF6R98Ipfae9TCUnLvepwar719lxbV-AtTBIbs_GARHDr0xzzw7wvmlcrW1LxNb3iEnG9MWCyxpPIfCRMGK2PWQ.jpg' -> 'thumbnail-vertical/77.jpg'
2019.12.13, 03:53:21.0565 UTC -> SUCCESS: AAAABQ8nH7gRXQ7k1xBMzENqGnky6KRfeNQjvpk9yU5w96fS6NZB-IF7O7kqkvNejVlByOts4VnzwJz0TfkgSS4x6g28qVAgZwW__V75ZDaEX-Z4s5puUQi_z264J0E.jpg -> 0.jpg
2019.12.13, 03:53:21.0565 UTC -> SUCCESS: AAAABQc72ZGKxxUC__OodRDPUIbVKhsdP4cz-8FVqI11FH-zvU2OR5UR0C6KRQU8_ZCcj7K30IkqQrLDMkhUn985TTAbgQ.jpg -> 1.jpg
2019.12.13, 03:53:21.0565 UTC -> SUCCESS: AAAABQopof69IE4srtV5xufZ6A1sYGRanCPb0dB74my3GEfpZZ8pLB0o4nVmM5wjTWaHfKdWYrRKeZqwuqrQKp7URN0Qgw.jpg -> 3.jpg
2019.12.13, 03:53:21.0565 UTC -> SUCCESS: AAAABQj-xxFRfH608So_69RAe8zXXqZ-iV9dgC8RXWvNwu35dFXaPvzQm1_f54oyBiImuvWJJLVDczYZB5hW5v3QEbd3JMiAGgnmxdHfSKmagvZ_EHep9JWu9M4oTt8.jpg -> 2.jpg
2019.12.13, 03:53:21.0565 UTC -> SUCCESS: AAAABQpKqQ6NGkhVG_cMWGSD11Hl6J9xJ2iUMUVg2_3VM-4E7YAitWIdRmzS9Oe-FF_tWFBz-VjO68lWLmcMPbA0nV_zLgDBOG0KYLdFd55nCnm57tqQ7w0P8IrHJx8.jpg -> 4.jpg
2019.12.13, 03:53:21.0565 UTC -> SUCCESS: AAAABQs0SivXpmBso0u5PXVvPYLiBfBoFlowEshzPrmiXF-BeBpdaTw7z1LmIuLEAgKm6x5fNuVBcAE1sfNzwboIMjViL5b_l8F7jEEh-Vfld58rp4KouH2fvS6AXdI.jpg -> 5.jpg
2019.12.13, 03:53:21.0565 UTC -> SUCCESS: AAAABR2AOl2X7lRSUfjFW5w4SoDAwvA4mfUEsDWgDkLzhiWzVIRxKy2jHuEaC9lhsm3IQJS1MJhlALN9YHm0lGJNQ-JL67njvJHxceXFvLp9RF1QijVZxMVJB0UE65s.jpg -> 6.jpg
2019.12.13, 03:53:21.0565 UTC -> SUCCESS: AAAABR6B60J4cLXaHFTQmuF0OgaBS7PmjYsw0lv8DJv1Z0FjSLqhCNgwL_J2Fhyp4o1YxOkKYllkPi72F5RmR-5qijUsWg.jpg -> 8.jpg
2019.12.13, 03:53:21.0565 UTC -> SUCCESS: AAAABR4hHOzRuj9wfyTQ0taeOeHxiaZrK3rnDJEFzhL43jiLwWzT-6ZjmjIvGDL9BT7s0eAengL3WUaTcQtRUCliB-sjKg.jpg -> 7.jpg
2019.12.13, 03:53:21.0565 UTC -> SUCCESS: AAAABR9loxu6oNNU-feP2fe6es2gVj9Dl0PhJy4hSoC2fbUWLBveYhKiT93LBlAtOYGKbx6B-_N6c2BZTDCWkmC5bCZJq4awkfl2MKWsDV9aDeWP3nm8mG8NJKIo5OM.jpg -> 9.jpg
2019.12.13, 03:53:21.0565 UTC -> SUCCESS: AAAABRKNC4TuwQgg24qb2MBWGsahMD0fAOncA0Qul56mHel-L30tUAo6PlanOaLFohXJGTotnmWT7c3oNYIbAXJDWftlvmPPW2SvNyrF-EIZ60My-tyj7g_E9Ad68KM.jpg -> 10.jpg
2019.12.13, 03:53:21.0565 UTC -> SUCCESS: AAAABRLxc3-DD-mJxTVZ07AJAs83KNtsS5yuninT4kEl8bKOgKcOsIG7VPjj8OOus_iv_KVGzzHoz9TMOKUj2x9VbS5U9NqPyZdVJeOF6MGDMtYN669vCXPYOAoKrBQ.jpg -> 11.jpg
2019.12.13, 03:53:21.0565 UTC -> SUCCESS: AAAABRSw8WRUYbSOq2EK73Aw6409AfOSQMwpYcVyqaJji_bx72n2fGiriOdqoFmYF5_on7HenijWyfZ7OS4FzAPyWByF6ijhAgeyB9ltPR_-CDt4z5k3lV_m_Y6FibA.jpg -> 13.jpg
2019.12.13, 03:53:21.0565 UTC -> SUCCESS: AAAABRRE_8KVsssUwAsthPKt6zcXOFT4IUOmi4C6nHGHJcFQW6Z9GKM6qgYrDJAoQGT5f1idOSn84HuNucuHTf30GXmSRzqrYHcT7jqV7d-m3efQTAWMcA1Sma8rYFg.jpg -> 12.jpg
2019.12.13, 03:53:21.0565 UTC -> SUCCESS: AAAABRT1kqFF-yTKFe8-9OFcxD4_LfAWM5DfGuKMs1rRmaqRt6mnr-ps2DQzwJu6dAjy6L3Vutre9-sjHhbuckAqiE4ZSO-r8Dd1bZxR3c_Q_Wg0TNSPJ5usuXmVLSc.jpg -> 14.jpg
2019.12.13, 03:53:21.0565 UTC -> SUCCESS: AAAABRaQewtFFzUjzNMCNEbC5f0y5wgbzOm-fKOVOpjveY8X1wNXt1bYlp8XhOYq2O0hE_tTzdJr1YDMsp03yAS5eKwLuQ.jpg -> 15.jpg
2019.12.13, 03:53:21.0565 UTC -> SUCCESS: AAAABRpT0HOEUxPdcvJyhFPivI4Pjjj7l007WlJE-Q-Pv-SEVEuN5t2Bfnz_dUgUwFi6KHeDd1_gf0z6fTxl_co9K6hjOw.jpg -> 16.jpg
2019.12.13, 03:53:21.0565 UTC -> SUCCESS: AAAABSPydIISAkabZ_uisDKr9-FJJKSymdTpFMNuds8bIKVIceBRxeLfpeGF0GuB0pmf-L1TfusTSBdmX2YwDGS40mk_5Q.jpg -> 17.jpg
2019.12.13, 03:53:21.0565 UTC -> SUCCESS: AAAABSRUPKStMmnr7WfhTIGBxyZshUR5fyVQmRuXve9aRgEgpe0AGJ9HXRRFmo5JFedKGM7DMDNSkN3F2STAa7D3nkwC1Q.jpg -> 18.jpg
2019.12.13, 03:53:21.0565 UTC -> SUCCESS: AAAABSadvOHVuQ7GOUMjE4cS3UyC1OZEFyRFwcXV-1jZYyEMYA1qoOaLcBNOLXvrU7QIUtfgT34FE4RLohoGDwLMYVPg3skGeNxrll_ZxooUxD9VGXOBagUCMrNTafY.jpg -> 19.jpg
2019.12.13, 03:53:21.0565 UTC -> SUCCESS: AAAABSd5hT7MUPDVQvGNxFBbn2fruL9UIxabj6qb3nfHdV6opD8IgpDZKS71PKNjOZ-EjOl1E8wkP8F_JLXU15QF5AlSXw.jpg -> 20.jpg
2019.12.13, 03:53:21.0565 UTC -> SUCCESS: AAAABT8VQm4dhtdY0L6Fm9XMffCYVu8bHrEtlYygS98G0s01q80zXLPxk9N-TutekW5agm7sKeQsv4r0W7Lt-f32FyWR7M4BrqeZwQjAiC1WSJ6ze_jRVw10jMBl03s.jpg -> 22.jpg
2019.12.13, 03:53:21.0565 UTC -> SUCCESS: AAAABSjv24xh2_UM8jFk73aoFcc3vQMalWTTlILjvVr3mqskHGpVqe0qwb9982shTkXSu8DJlSgp4jS0nemsosvJ4rvyOw.jpg -> 21.jpg
2019.12.13, 03:53:21.0565 UTC -> SUCCESS: AAAABTBUOWpV3iF1O9B6p15VfhugR5ks4V4kcTRwXzqjKZj6ufKnli0Tf9Zw9kBMSJ_m5Hl0tpmmBEP0MhtB_9OT4b1bMIg-VvcHtgpzgxS4ubVZN-LV-_UZMnfR9Jg.jpg -> 23.jpg
2019.12.13, 03:53:21.0565 UTC -> SUCCESS: AAAABTKuA1Saii99PxxWqh4mGt0vXBQ_wmQ2s3lxYVBTT4ZGqKfRZlmzmV6Oz42oR96awtknvrm9rgBZeL9gwaXdEO4F87GMU9RKvwfitIyX986NMW3j1hDdMpo5qxI.jpg -> 24.jpg
2019.12.13, 03:53:21.0565 UTC -> SUCCESS: AAAABTe3QAcT0MQFsbc-duFT5ZaBXVAhhMIc6jyhMV34VFBz1lejgr5igkA4VN2duxTEUCRnxQizj_RWdBUIX6PLriyQHWpZxDMAd---_qi-uSFq4xNC051Ex9QD5yQ.jpg -> 25.jpg
2019.12.13, 03:53:21.0565 UTC -> SUCCESS: AAAABThnflis2YFivNRxMbiFngRLS2OIi850X1CQQvUzyieSm95WLXLwAKT2pPIoO1GEtntiGhnSZywrQWbY0p_fCkAiBDa2OpGfoMYW6CWsi6ogZCO_i_WdEmA2JVSLeexVR-UGlOHJtc7Br_XIxEXovLDNv_UcfWb-wQe9PXs.jpg -> 26.jpg
2019.12.13, 03:53:21.0565 UTC -> SUCCESS: AAAABTnLw83nilF-SOy62-qZ2lSdKap-HVQh-WmHuJxLNeNaIqQn23JZK4YrT7Y2Ox-lVvb4EdezjEoJQ91PTQsdiWBIfTVCY1kHu43yvGRz1_Ee98TywEeHV3C71P0.jpg -> 27.jpg
2019.12.13, 03:53:21.0565 UTC -> SUCCESS: AAAABU-DzmXQDY8QNY44lwOb8uBLWt0YJ1m1iDCPMhSwepmcvSUUAD9pysTfEgyRN7JxlwbHvUe-OndW8uikBlh3tr-OcONtpHb0lNkeQbEKeteIgVqWL0mXxkZSBW0.jpg -> 28.jpg
2019.12.13, 03:53:21.0565 UTC -> SUCCESS: AAAABUVOyeu6fBvBJUui27pAWZrAfgBnDaQZ_LHQ5ygF7G8rcXHQQxQvRto5eKvoAKfJzsxN1F9Ut-seoRUxZZtC2kbROg.jpg -> 29.jpg
2019.12.13, 03:53:21.0565 UTC -> SUCCESS: AAAABUdYGLPVnBukYqzs6KVUHZ7WUnqopksf5b1zhjBB4r4Lh8jII9z4ai7IdB50HAriIdPmRS8nLDuhMDGN_POv8Q_itA.jpg -> 31.jpg
2019.12.13, 03:53:21.0565 UTC -> SUCCESS: AAAABUcqZLV7p6KbNulr-rsAjMW_jts0PjPi0Sxi160silZDaKY3kg51fBzJYLMic2FHLZxs6gkhbPYAmyKWn5K-gweMDG5IO3rBuqSMgLB2WzjHRjkWJH1LmcjQzbU.jpg -> 30.jpg
2019.12.13, 03:53:21.0565 UTC -> SUCCESS: AAAABUjdo9nIeTxv0fgip5nnk3gRpnX6IK7yaEv-7i3ftKIrZflHDzMkDOWFizfG--aW-wOUxMFtE6RUc6cimLFGPdqnfM2LQEZ1zVdfSuBdj2duknrXtlI-ZZfQzZ4.jpg -> 32.jpg
2019.12.13, 03:53:21.0565 UTC -> SUCCESS: AAAABUkwyJfp5P5W8G5y0RS8x1OyJmKkgyHjL58bPYvmiDeJV1Vi1UMOADDBwB5bq6O0YxoZACGDuY2y-baoQlnjq3NXnJGHAgaC3M0BZEQpDg3ebtVol1JqE8npKRc.jpg -> 33.jpg
2019.12.13, 03:53:21.0565 UTC -> SUCCESS: AAAABV58bYHfEya0V3k7MzcGK0B1Ash4Sm_KQawOYlP7gNpJnjIvcUw4hSTpO86fzUfCgBLGqaXYSZYEiFKzAlddjV0bJw.jpg -> 34.jpg
2019.12.13, 03:53:21.0565 UTC -> SUCCESS: AAAABVQwWHXq0eBqSurF8hZLPRfRvqXA3hTkio67Xu1IG63El3fwSBwIkjhUvQVA71efzqUPspnEwKQupy1FB1sjq-l3iQ.jpg -> 36.jpg
2019.12.13, 03:53:21.0565 UTC -> SUCCESS: AAAABVCWdVwiR1yUh2IhmQFW7KLI9LWo-slOyTQzrkvNa3m5GOjDZk5Ej3FeEQunpicLz8Lqt5C5lrQF-mc3wdGoUYjNRw.jpg -> 35.jpg
2019.12.13, 03:53:21.0565 UTC -> SUCCESS: AAAABVtHNTwljSAro7qZc_S2wyLYQ6QNOQVIwpfID9OfO0c-SyEntwzO9IiQSEpYjnw9GWOV8CQZluG52RXN5HKHe_0x5XQ-z7bLa4sixYf6tIiLMsERrop4DIrvTdE.jpg -> 37.jpg
2019.12.13, 03:53:21.0565 UTC -> SUCCESS: AAAABW6h9REz7qCmRo6bbtB7BAYuNmH-9B_YQfG71OJX1rr4UWevpIwJc1PCCPji3TzIP_GDsKRt_5TDaz_DvxBMizh_iQ.jpg -> 39.jpg
2019.12.13, 03:53:21.0565 UTC -> SUCCESS: AAAABW6Azf55rGL6aPLILp0WwbaRwT0QL0KfLcFH4V9TwXS4xYXSqfNuwOIf7GXzx91ae5vBu8xOhPPRZ8Nh6tqMFESpeg.jpg -> 38.jpg
2019.12.13, 03:53:21.0565 UTC -> SUCCESS: AAAABWN7_VKxJx_yUq4NUTJYNNyj91QRrOvl0IEgLiwtRwjQ6vg3P4YgHq3gA88gDtcgZjUaWZvUSsflAkhbWT3uMGUDYA.jpg -> 40.jpg
2019.12.13, 03:53:21.0565 UTC -> SUCCESS: AAAABXHouQjbIrpbzRbkn5Ie8VFZPB5ikSOdcXgbjrjqz6bjMIBCdQ-73wpoLYN_Aad7ourXh9X36TzuTdcydo9xyI3CLAUk63hpLJR-zxA1DBGMN-H3A64ZT2AWnZw.jpg -> 41.jpg
2019.12.13, 03:53:21.0565 UTC -> SUCCESS: AAAABXW-3aYrTvtav32YzB1GebcE-cTaqJNMllzXD_mc72b6lcd_N-GF9TTue0xk5hOl1KNkfjxJKXHkqJjPLroWSphXGQ5hLOIANLRUEItU33Omalspen6bb7fxv9JicSyLgsZlAb8IHebwneI_Lzi8iP-FXIwj-FVN54hPSnM.jpg -> 42.jpg
2019.12.13, 03:53:21.0565 UTC -> SUCCESS: AAAABY1U2gaREpct6KlPEcqQW84Wz3lacDf8q_wdi8VTsoMcmnnlvYGzxlW3e8LPL1iXLXlVqqjgQxz92IRksXE6oLldJg.jpg -> 44.jpg
2019.12.13, 03:53:21.0565 UTC -> SUCCESS: AAAABYRJ4Etc-V1fVpYcgJbid7PL5k_9QCvMgHUqVspa3eSUwQ6mLx-h4XzsVJfvfxXdlQkR2TahZ_xUt13t0ekCYUWA1O5747WYsg98NpuLl97r8tNpXOSmYx4FOdo.jpg -> 45.jpg
2019.12.13, 03:53:21.0565 UTC -> SUCCESS: AAAABY_-naJwZH1XczYleDr-HSVOU_YxKMcXfRMDPp60ydGwh9bKbdjD1tHpdaYc6F2dSdfixKMlO2LH8eKfL_U7YUjtNG4AtsErHr60S8dd6qyKpIqSPAhHPLgp3ng.jpg -> 46.jpg
2019.12.13, 03:53:21.0565 UTC -> SUCCESS: AAAABYlkHeCpYMyW9xG6LLMODjx9GkVP-X9Q9nKSNRFEznkTWBRXo21JgjNRLDc59ydMc2y3azf-ck1A1T6mRKU6qFgr5755xrnmh4Bo0BJUbDKo5EkHWbyCY2oGc7A.jpg -> 47.jpg
2019.12.13, 03:53:21.0565 UTC -> SUCCESS: AAAABZ6u-8PLAk3sHKnL28nlpdmp61L2c2GSmBWVZPOAofvim06witzUAL3eaXrV5uadSaThaYGr6yfprG-kjD9p8NXKc1l6Y6Ei4Jif7HybCilp5wPVS3Qc_sLD7j8.jpg -> 49.jpg
2019.12.13, 03:53:21.0565 UTC -> SUCCESS: AAAABYxr7fprIXWyYKGBRCbgw-6V41oVNqOwfFOUHQr3th0obIMrKIPSK1m2g8GOHj2U4efwmfMTwBVRHqcde6jF8jS-rA.jpg -> 48.jpg
2019.12.13, 03:53:21.0565 UTC -> SUCCESS: AAAABZ96D_POVrwCG0hEtE0caCtABhim7q0GNLLPM5_hyxlS1ACBDIgZVxDKt2uD8ShtELJSEBbgfRls40ZfE_uTqB02Ug.jpg -> 50.jpg
2019.12.13, 03:53:21.0565 UTC -> SUCCESS: AAAABZGZKdKG90zwndfcw6gB0PixYfuYw9BEMCAiV55D2z_Vq4OCRYrE12z2uXVFAniBYzzsxDVF2V3_Srm143PN1vnbOA.jpg -> 51.jpg
2019.12.13, 03:53:21.0565 UTC -> SUCCESS: AAAABZKWB63euQ19wvfkh50rxslJSg3M7Uaz4BK42mfk8R3fxecog61-1ty4Pl25tMRTguRbE5xbwDwitL9MHlj8-WgjRpIATOmAMetzRyqO7Bfj-BsSdzSInErHz8c2YAVu74KZf0knwMg0hlP-38wJ2RPp3nEN.jpg -> 52.jpg
2019.12.13, 03:53:21.0565 UTC -> SUCCESS: AAAABZebxAYlN1YeGgqeIaPExQ_WT7tqjKnRvw3CzA6czGSy9vEPphROoOgkCkL7YA-xC7LVHv2HtfYdWsm17RW08xiZsgksNlGUNs8Cq9Qh-JJCJunZtRfvgLjHdFQ.jpg -> 54.jpg
2019.12.13, 03:53:21.0565 UTC -> SUCCESS: AAAABZQEr5efesus-7Fex8E1xU7jE8XczSio-m8kGANIXYACrIgYPV3Jmo69o1T0XE_FvOq-I_vDrr-090Q0cY8fTVjio9csVjh2K6hV9Qu9bxaw2AtQ90eU7UscsNI.jpg -> 53.jpg
2019.12.13, 03:53:21.0565 UTC -> SUCCESS: AAAABas46WwMUuiMJxucN98AygP_oiMCoOgonfQOegNL0oFeBBbtBtob1sEtflCHDQKcdpYL9ko-nLs5ge4U1IqqR-7z_Q.jpg -> 55.jpg
2019.12.13, 03:53:21.0565 UTC -> SUCCESS: AAAABbAKnrhhr-MnXMttmvzKN_z1zQh3OYlRpBdx7eBIp4z7Xo0jE8NDhE1JlmsIBjresfbYZRRs_pAAjb6SdabQ8NWv4R2FkiYc5HeVMdSd_qMoWumDzyq26fzSgMI.jpg -> 56.jpg
2019.12.13, 03:53:21.0565 UTC -> SUCCESS: AAAABbIsEQqJ9mLhT9dX5oW22MwPcmF0VqAX-W-IKEbFPUqA1oxPde_aGwR7fGTA8gyeCYf1xev6duJpoxdJoEWag0_FZbS8iP25BCIc7emLYYZtQQ7PLgFpDzF6_dk.jpg -> 57.jpg
2019.12.13, 03:53:21.0565 UTC -> SUCCESS: AAAABbQKpKQ78gpSvwCXN7stdx2Av8CRk8MHnKFO4pguBqBzR-ZgvlfKEnEz0lq4bXtnzJMPYWSbgSlr_-sfcn6D1AHEigvU9VIxPf3G8oGabRyi4o9OuqqWH61jJD9ptlHaJ83uRtOb0HdV3N_T-9tmvVXrHxVe.jpg -> 58.jpg
2019.12.13, 03:53:21.0565 UTC -> SUCCESS: AAAABb_2V_osu1bc0BhYu-vGNTD11bF7rZDS-6lLVCW6uLkz943VBdsja5WX2vFC1_V3v8TzpHPXR0t3DLwMESKekFJKkxLwHMqoXZrqg7Tq9r5UtQKAv9x70qoeEwOT_XJOvlKE2eju69MBVR6Pq51weczEtgc6.jpg -> 59.jpg
2019.12.13, 03:53:21.0565 UTC -> SUCCESS: AAAABcKXLwH7XCBPQnxlolo6NiFMrY5Bnc4Yd4ZSStviBwF2wvWJR9x2AR6scYAo52F9LbS3ILf4_Bi1OxkaBVLANiCZkQ.jpg -> 61.jpg
2019.12.13, 03:53:21.0565 UTC -> SUCCESS: AAAABc5WTkJwEy2nBfDccMgIu0CK3WmwCA51nTlClf8UduC9VBLDt2mv4jxvtv3OsY9YsqD3L9CGRdr-PcVplGKCvZqEBAxQqD3npZss-uluB6nCwggBBnGwcVFMZ5o.jpg -> 60.jpg
2019.12.13, 03:53:21.0565 UTC -> SUCCESS: AAAABcgooxk_GpiI69CCh2yXzpFQqar91bwz7M6ZaX8QgQBK_vSiTVfmll2mkhLRBvEJo58tR1867mXUmUasqxVIxQNX9w.jpg -> 62.jpg
2019.12.13, 03:53:21.0565 UTC -> SUCCESS: AAAABclIvAngvC8Q3NZBFEu4-QQps5mOa0S-Oduf6W4OwrnnEP6c-jB9ZvHQDtG6mv4uti4p7GMjtI4-eog8Z_u8cPFvDw.jpg -> 63.jpg
2019.12.13, 03:53:21.0565 UTC -> SUCCESS: AAAABY1HaMW_DNIz4Emc5JEGBnl9l0uIGQECoJMiBfAZwl7cVQK_V3_e6s97BsH6vHCtC74yMwGCvyfiZpsRUnzDr9ByVQ.jpg -> 43.jpg
2019.12.13, 03:53:21.0565 UTC -> SUCCESS: AAAABd2L04f7BgOKFUytWb6do7LN4iMoVHhl5vzL48X6Tzr6TTnApor7wpFVFZZE36XbkNDnV3QFPVrqSEc5dI-Tl6OI5Q.jpg -> 65.jpg
2019.12.13, 03:53:21.0565 UTC -> SUCCESS: AAAABcswF7RcvRdYPiYpD54KxhqdsdxowENjrTlaBghZorfyqfZoofNeIKgwOjzFwQStzG3-k4uhuWQOaG0b_HyhSPJ5hrnY9JGD61Gtwq52p0JJeUbWyYsfwlNW0J0.jpg -> 64.jpg
2019.12.13, 03:53:21.0565 UTC -> SUCCESS: AAAABd5Le1p2od5x4tNLMazYK7Fpsudrh1oiPZkL5gB9He0CvrNCgsFIL0WkCjlR2WjRQ_ZArSIpOX8Z7-IxpRw6q5A6MqfSU2O-kZ-A6dHhn3qFQHQ1LzBT4xG1ak8.jpg -> 66.jpg
2019.12.13, 03:53:21.0565 UTC -> SUCCESS: AAAABdfVjaK82aZhztiDqjk3F9XUjGrdgLpfvXY_QXaQr83uMCbz4FueH6G59o8q-SXQQKkcDBLA-RquRGIZ23MnobjeNsNz9Mn3mzoT-qmD6SCzdMSJGUpbcf_979I.jpg -> 67.jpg
2019.12.13, 03:53:21.0565 UTC -> SUCCESS: AAAABe_IMVziPdYpDjXAGx4ki6wpBTOjnihGT2VbEmzGT8PzHUy7EGJdwh3czMXMSM0ayhmx9hVVn9LyMuxJxpTQJEZ8r5cPe_uktf7X13ZEtkwWkDQ6RLUQv7418iU.jpg -> 68.jpg
2019.12.13, 03:53:21.0565 UTC -> SUCCESS: AAAABej-1_2c2BJRatUfbLz85N4RVbmDOqV-IkXCUGAwf6rRxIMOWzocuSj9x4IDzoBdoCxETWTqTQYCMVG8uMA-_A7lGQ.jpg -> 69.jpg
2019.12.13, 03:53:21.0565 UTC -> SUCCESS: AAAABeqP3cy9QQXNo2sUdaK5qZg9N_9Pa3xY8avv9cgsP8TrV2W9guhNEkvWhIpa-sfqsRaGKrEIHpypdrabqPZcUk_CsQ.jpg -> 70.jpg
2019.12.13, 03:53:21.0565 UTC -> SUCCESS: AAAABfHgwiT2rCvA11D8E6L-J4vtyfaubFuFpePM15dVghKNeINp3UGFdbpbYFAB-tDy-U32UQsDXptma0qnreKROkY7Id6TqLOE84KsRNEKwfx98hwY29oPMYzWGgI.jpg -> 72.jpg
2019.12.13, 03:53:21.0565 UTC -> SUCCESS: AAAABfA3JeJu3WFVpduP_0EaMI_K_pN6GK3ky1_eimcqe-yzHJfzvZ1_tbGtsCYDk4Tz9WYK9EVnGJrDSi0vgR1SFs4uZP-eBcwBxhgpmTiAIfwswutjy2HBVDR7CwS-v_Ti.jpg -> 71.jpg
2019.12.13, 03:53:21.0565 UTC -> SUCCESS: AAAABfQ_v1ZE0wfINKfcMQCWoRMa9xw5_8KUq9zo519FiB4hFfyAXmIsk_f8EyXkPkAmZpLMqPZ6N-Ah0x5S_rKdspy0_VAex7adpejfiwEYtbwgnRNST82xZywmR0t-Wx3Zqbm4xIvoZVzhvYi1J_AZbaybyYXCy84pIYNOl3k.jpg -> 74.jpg
2019.12.13, 03:53:21.0566 UTC -> SUCCESS: AAAABfs3f4QZ6ML_f8IKkA5E7w5QcdYoUEA65cxiCDe9xjMct3SHVIYp_TJAGCRzQjQc2zULXVkpg0Dw3AXydzSYE9VEZmRWyvQ04xbiGxkMrg7LNUDEeTj-NKriSYs.jpg -> 76.jpg
2019.12.13, 03:53:21.0565 UTC -> SUCCESS: AAAABfYB4Af-idy68xzf9bkZR2Uaq1KtZIkIN92Uv8e0mRI6vMkHAkY1_hM34Q82lvsxO95cB6Gf503MWAOF0H5yPBasP7PTlqpoSuWVf02jNpntz9sqLQoDY8vclBk.jpg -> 75.jpg
2019.12.13, 03:53:21.0566 UTC -> SUCCESS: AAAABfugF6R98Ipfae9TCUnLvepwar719lxbV-AtTBIbs_GARHDr0xzzw7wvmlcrW1LxNb3iEnG9MWCyxpPIfCRMGK2PWQ.jpg -> 77.jpg
2019.12.13, 03:53:21.0566 UTC -> SUCCESS: AAAABfLi19SDyQeXWzSURNfoYqXxwfQNxuMLe6eXs1krcSv_x1EIUYP_xupFEX6RA6ZH68F90w05Jbzfozv63p0upg3dRy_fEg9Byk56OiPECf1pZGxJ81lRDN9rT24.jpg -> 73.jpg
